<?xml version='1.0'?>
<ns2:test-suite xmlns:ns2='urn:model.allure.qatools.yandex.ru' start='1619547689322' stop='1619547701770'>
    <name>Auth</name>
    <title>Auth</title>
    <test-cases>
        <test-case start='1619547689323' status='passed' stop='1619547692411'>
            <name>user logs in with valid data</name>
            <title>user logs in with valid data</title>
            <labels>
                <label name='language' value='javascript'/>
                <label name='framework' value='wdio'/>
                <label name='thread' value='0-0'/>
                <label name='language' value='javascript'/>
                <label name='framework' value='wdio'/>
                <label name='thread' value='0-0'/>
                <label name='language' value='javascript'/>
                <label name='framework' value='wdio'/>
                <label name='thread' value='0-0'/>
            </labels>
            <parameters>
                <parameter kind='argument' name='browser' value='firefox-88.0'/>
                <parameter kind='argument' name='browser' value='firefox-88.0'/>
                <parameter kind='argument' name='browser' value='firefox-88.0'/>
            </parameters>
            <steps/>
            <attachments/>
        </test-case>
        <test-case start='1619547692411' status='passed' stop='1619547693076'>
            <name>Submit button is disabled while required fields are empty</name>
            <title>Submit button is disabled while required fields are empty</title>
            <labels>
                <label name='language' value='javascript'/>
                <label name='framework' value='wdio'/>
                <label name='thread' value='0-0'/>
                <label name='language' value='javascript'/>
                <label name='framework' value='wdio'/>
                <label name='thread' value='0-0'/>
                <label name='language' value='javascript'/>
                <label name='framework' value='wdio'/>
                <label name='thread' value='0-0'/>
            </labels>
            <parameters>
                <parameter kind='argument' name='browser' value='firefox-88.0'/>
                <parameter kind='argument' name='browser' value='firefox-88.0'/>
                <parameter kind='argument' name='browser' value='firefox-88.0'/>
            </parameters>
            <steps/>
            <attachments/>
        </test-case>
        <test-case start='1619547693076' status='passed' stop='1619547694674'>
            <name>fails if invalid data provided</name>
            <title>fails if invalid data provided</title>
            <labels>
                <label name='language' value='javascript'/>
                <label name='framework' value='wdio'/>
                <label name='thread' value='0-0'/>
                <label name='language' value='javascript'/>
                <label name='framework' value='wdio'/>
                <label name='thread' value='0-0'/>
                <label name='language' value='javascript'/>
                <label name='framework' value='wdio'/>
                <label name='thread' value='0-0'/>
            </labels>
            <parameters>
                <parameter kind='argument' name='browser' value='firefox-88.0'/>
                <parameter kind='argument' name='browser' value='firefox-88.0'/>
                <parameter kind='argument' name='browser' value='firefox-88.0'/>
            </parameters>
            <steps/>
            <attachments/>
        </test-case>
        <test-case start='1619547694675' status='passed' stop='1619547696123'>
            <name>The error appears if the email is entered incorrectly </name>
            <title>The error appears if the email is entered incorrectly </title>
            <labels>
                <label name='language' value='javascript'/>
                <label name='framework' value='wdio'/>
                <label name='thread' value='0-0'/>
                <label name='language' value='javascript'/>
                <label name='framework' value='wdio'/>
                <label name='thread' value='0-0'/>
                <label name='language' value='javascript'/>
                <label name='framework' value='wdio'/>
                <label name='thread' value='0-0'/>
            </labels>
            <parameters>
                <parameter kind='argument' name='browser' value='firefox-88.0'/>
                <parameter kind='argument' name='browser' value='firefox-88.0'/>
                <parameter kind='argument' name='browser' value='firefox-88.0'/>
            </parameters>
            <steps/>
            <attachments/>
        </test-case>
        <test-case start='1619547696123' status='passed' stop='1619547698079'>
            <name>The error appears if the password is entered incorrectly</name>
            <title>The error appears if the password is entered incorrectly</title>
            <labels>
                <label name='language' value='javascript'/>
                <label name='framework' value='wdio'/>
                <label name='thread' value='0-0'/>
                <label name='language' value='javascript'/>
                <label name='framework' value='wdio'/>
                <label name='thread' value='0-0'/>
                <label name='language' value='javascript'/>
                <label name='framework' value='wdio'/>
                <label name='thread' value='0-0'/>
            </labels>
            <parameters>
                <parameter kind='argument' name='browser' value='firefox-88.0'/>
                <parameter kind='argument' name='browser' value='firefox-88.0'/>
                <parameter kind='argument' name='browser' value='firefox-88.0'/>
            </parameters>
            <steps/>
            <attachments/>
        </test-case>
        <test-case start='1619547698079' status='passed' stop='1619547699715'>
            <name>The error Required appears after deleting characters in the mail field</name>
            <title>The error Required appears after deleting characters in the mail field</title>
            <labels>
                <label name='language' value='javascript'/>
                <label name='framework' value='wdio'/>
                <label name='thread' value='0-0'/>
                <label name='language' value='javascript'/>
                <label name='framework' value='wdio'/>
                <label name='thread' value='0-0'/>
                <label name='language' value='javascript'/>
                <label name='framework' value='wdio'/>
                <label name='thread' value='0-0'/>
            </labels>
            <parameters>
                <parameter kind='argument' name='browser' value='firefox-88.0'/>
                <parameter kind='argument' name='browser' value='firefox-88.0'/>
                <parameter kind='argument' name='browser' value='firefox-88.0'/>
            </parameters>
            <steps/>
            <attachments/>
        </test-case>
        <test-case start='1619547699715' status='failed' stop='1619547700493'>
            <name>The error Required appears after deleting characters in the password field</name>
            <title>The error Required appears after deleting characters in the password field</title>
            <labels>
                <label name='language' value='javascript'/>
                <label name='framework' value='wdio'/>
                <label name='thread' value='0-0'/>
                <label name='language' value='javascript'/>
                <label name='framework' value='wdio'/>
                <label name='thread' value='0-0'/>
                <label name='language' value='javascript'/>
                <label name='framework' value='wdio'/>
                <label name='thread' value='0-0'/>
            </labels>
            <parameters>
                <parameter kind='argument' name='browser' value='firefox-88.0'/>
                <parameter kind='argument' name='browser' value='firefox-88.0'/>
                <parameter kind='argument' name='browser' value='firefox-88.0'/>
            </parameters>
            <steps/>
            <attachments>
                <attachment title='Screenshot' source='173825b2-5d1d-472a-b7da-7c0228ac2d59-attachment.png' type='image/png' size='59065'/>
            </attachments>
            <failure>
                <message>expect(received).toEqual(expected) // deep equality
                
                Expected: "Required"
                Received: ""</message>
                <stack-trace>Error: expect(received).toEqual(expected) // deep equality
                
                Expected: "Required"
                Received: ""
                    at LoginPage.passwordRequiredError (/Users/meyta/qa/wdiotests/test/pageobjects/login.page.js:82:50)
                    at Context.&lt;anonymous> (/Users/meyta/qa/wdiotests/test/specs/login.spec.js:52:15)</stack-trace>
            </failure>
        </test-case>
        <test-case start='1619547700494' status='failed' stop='1619547701769'>
            <name>The error Required appears after deleting characters in the mail field and password field</name>
            <title>The error Required appears after deleting characters in the mail field and password field</title>
            <labels>
                <label name='language' value='javascript'/>
                <label name='framework' value='wdio'/>
                <label name='thread' value='0-0'/>
                <label name='language' value='javascript'/>
                <label name='framework' value='wdio'/>
                <label name='thread' value='0-0'/>
                <label name='language' value='javascript'/>
                <label name='framework' value='wdio'/>
                <label name='thread' value='0-0'/>
            </labels>
            <parameters>
                <parameter kind='argument' name='browser' value='firefox-88.0'/>
                <parameter kind='argument' name='browser' value='firefox-88.0'/>
                <parameter kind='argument' name='browser' value='firefox-88.0'/>
            </parameters>
            <steps/>
            <attachments>
                <attachment title='Screenshot' source='c3c4d64b-68fa-4c26-9735-fbca604c4b20-attachment.png' type='image/png' size='61612'/>
            </attachments>
            <failure>
                <message>expect(received).toEqual(expected) // deep equality
                
                Expected: "Required"
                Received: ""</message>
                <stack-trace>Error: expect(received).toEqual(expected) // deep equality
                
                Expected: "Required"
                Received: ""
                    at LoginPage.passwordRequiredError (/Users/meyta/qa/wdiotests/test/pageobjects/login.page.js:82:50)
                    at Context.&lt;anonymous> (/Users/meyta/qa/wdiotests/test/specs/login.spec.js:61:15)</stack-trace>
            </failure>
        </test-case>
    </test-cases>
</ns2:test-suite>